2022-11-08T09:37:57.949+0100	INFO	migrate-piecedir/migrate_piece_directory.go:208	migrating dagstore indices at /Users/dirk/.boost/dagstore/index
2022-11-08T09:37:57.951+0100	INFO	migrate-piecedir/migrate_piece_directory.go:215	starting migration of 1 dagstore indices
2022-11-08T09:37:57.954+0100	INFO	migrate-piecedir/migrate_piece_directory.go:241	migrated index	{"piece cid": "baga6ea4seaqgbkvk6apsnfbtvnbjabpu4tsv6ns45c36452fdhkqxznt3vlnedq", "processed": 1, "total": 1, "took": "3.016558ms", "average": "3.016558ms"}
2022-11-08T09:37:57.954+0100	INFO	migrate-piecedir/migrate_piece_directory.go:248	migrated indices	{"total": 1, "took": "3.095068ms"}
2022-11-08T09:37:57.954+0100	INFO	migrate-piecedir/migrate_piece_directory.go:296	migrating piece store deal information to Piece Directory
2022-11-08T09:37:58.163+0100	INFO	migrate-piecedir/migrate_piece_directory.go:330	starting migration of 1 piece infos
2022-11-08T09:37:58.165+0100	INFO	migrate-piecedir/migrate_piece_directory.go:376	migrated piece deals	{"piece cid": "baga6ea4seaqgbkvk6apsnfbtvnbjabpu4tsv6ns45c36452fdhkqxznt3vlnedq", "processed": 1, "total": 1, "took": "1.161984ms", "average": "1.161984ms"}
2022-11-08T09:37:58.165+0100	INFO	migrate-piecedir/migrate_piece_directory.go:380	migrated piece deals	{"count": 1, "errors": 0, "took": "210.860313ms"}
2022-11-08T09:52:15.537+0100	INFO	migrate-piecedir/migrate_piece_directory.go:213	migrating dagstore indices at /Users/dirk/.boost/dagstore/index
2022-11-08T09:52:15.537+0100	INFO	migrate-piecedir/migrate_piece_directory.go:220	starting migration of 1 dagstore indices
2022-11-08T09:52:15.539+0100	INFO	migrate-piecedir/migrate_piece_directory.go:249	index already migrated	{"piece cid": "baga6ea4seaqgbkvk6apsnfbtvnbjabpu4tsv6ns45c36452fdhkqxznt3vlnedq", "processed": 1, "total": 1}
2022-11-08T09:52:15.539+0100	INFO	migrate-piecedir/migrate_piece_directory.go:253	migrated indices	{"total": 1, "took": "1.485454ms"}
2022-11-08T09:53:55.770+0100	INFO	migrate-piecedir/migrate_piece_directory.go:215	migrating dagstore indices at /Users/dirk/.boost/dagstore/index
2022-11-08T09:53:55.770+0100	INFO	migrate-piecedir/migrate_piece_directory.go:222	starting migration of 1 dagstore indices
2022-11-08T09:53:55.771+0100	INFO	migrate-piecedir/migrate_piece_directory.go:251	index already migrated	{"piece cid": "baga6ea4seaqgbkvk6apsnfbtvnbjabpu4tsv6ns45c36452fdhkqxznt3vlnedq", "processed": 1, "total": 1}
2022-11-08T09:53:55.771+0100	INFO	migrate-piecedir/migrate_piece_directory.go:255	migrated indices	{"total": 1, "took": "1.302994ms"}
2022-11-08T09:56:31.284+0100	INFO	migrate-piecedir/migrate_piece_directory.go:217	migrating dagstore indices at /Users/dirk/.boost/dagstore/index
2022-11-08T09:56:31.284+0100	INFO	migrate-piecedir/migrate_piece_directory.go:224	starting migration of 1 dagstore indices
2022-11-08T09:56:31.286+0100	INFO	migrate-piecedir/migrate_piece_directory.go:253	index already migrated	{"piece cid": "baga6ea4seaqgbkvk6apsnfbtvnbjabpu4tsv6ns45c36452fdhkqxznt3vlnedq", "processed": 1, "total": 1}
2022-11-08T09:56:31.286+0100	INFO	migrate-piecedir/migrate_piece_directory.go:257	migrated indices	{"total": 1, "took": "2.139036ms"}
2022-11-08T09:57:13.127+0100	INFO	migrate-piecedir/migrate_piece_directory.go:305	migrating piece store deal information to Piece Directory
2022-11-08T09:57:13.332+0100	INFO	migrate-piecedir/migrate_piece_directory.go:339	starting migration of 1 piece infos
2022-11-08T09:57:13.337+0100	INFO	migrate-piecedir/migrate_piece_directory.go:385	migrated piece deals	{"piece cid": "baga6ea4seaqgbkvk6apsnfbtvnbjabpu4tsv6ns45c36452fdhkqxznt3vlnedq", "processed": 1, "total": 1, "took": "3.497523ms", "average": "3.497523ms"}
2022-11-08T09:57:13.338+0100	INFO	migrate-piecedir/migrate_piece_directory.go:389	migrated piece deals	{"count": 1, "errors": 0, "took": "210.647072ms"}
